[28out2025 22:45:45.735] [main/INFO] [cpw.mods.modlauncher.Launcher/MODLAUNCHER]: ModLauncher running: args [--gameDir, ., --launchTarget, fmluserdevclient, --fml.mcpVersion, 20210115.111550, --fml.mcVersion, 1.16.5, --fml.forgeGroup, net.minecraftforge, --fml.forgeVersion, 36.2.34, --assetIndex, 1.16, --assetsDir, C:\Users\Admin\.gradle\caches\forge_gradle\assets, --version, MOD_DEV, --username, Dev, --accessToken, ❄❄❄❄❄❄❄❄, --userProperties, {}]
[28out2025 22:45:45.737] [main/INFO] [cpw.mods.modlauncher.Launcher/MODLAUNCHER]: ModLauncher 8.1.3+8.1.3+main-8.1.x.c94d18ec starting: java version 1.8.0_462 by Temurin
[28out2025 22:45:45.931] [main/INFO] [net.minecraftforge.fml.loading.FixSSL/CORE]: Added Lets Encrypt root certificates as additional trust
[28out2025 22:45:45.965] [main/INFO] [mixin/]: SpongePowered MIXIN Subsystem Version=0.8.4 Source=file:/C:/Users/Admin/.gradle/caches/modules-2/files-2.1/org.spongepowered/mixin/0.8.4/4ec7d77d9ab32596ca0b78bb123956734767e3a/mixin-0.8.4.jar Service=ModLauncher Env=CLIENT
[28out2025 22:45:47.401] [main/INFO] [cpw.mods.modlauncher.LaunchServiceHandler/MODLAUNCHER]: Launching target 'fmluserdevclient' with arguments [--version, MOD_DEV, --gameDir, ., --assetsDir, C:\Users\Admin\.gradle\caches\forge_gradle\assets, --assetIndex, 1.16, --username, Dev, --accessToken, ❄❄❄❄❄❄❄❄, --userProperties, {}]
[28out2025 22:45:47.895] [main/INFO] [STDERR/]: [java.lang.ThreadGroup:uncaughtException:1052]: java.lang.RuntimeException: java.lang.reflect.InvocationTargetException
[28out2025 22:45:47.895] [main/INFO] [STDERR/]: [java.lang.ThreadGroup:uncaughtException:1052]: 	at cpw.mods.modlauncher.LaunchServiceHandlerDecorator.launch(LaunchServiceHandlerDecorator.java:39)
[28out2025 22:45:47.895] [main/INFO] [STDERR/]: [java.lang.ThreadGroup:uncaughtException:1052]: 	at cpw.mods.modlauncher.LaunchServiceHandler.launch(LaunchServiceHandler.java:54)
[28out2025 22:45:47.895] [main/INFO] [STDERR/]: [java.lang.ThreadGroup:uncaughtException:1052]: 	at cpw.mods.modlauncher.LaunchServiceHandler.launch(LaunchServiceHandler.java:72)
[28out2025 22:45:47.895] [main/INFO] [STDERR/]: [java.lang.ThreadGroup:uncaughtException:1052]: 	at cpw.mods.modlauncher.Launcher.run(Launcher.java:82)
[28out2025 22:45:47.895] [main/INFO] [STDERR/]: [java.lang.ThreadGroup:uncaughtException:1052]: 	at cpw.mods.modlauncher.Launcher.main(Launcher.java:66)
[28out2025 22:45:47.895] [main/INFO] [STDERR/]: [java.lang.ThreadGroup:uncaughtException:1052]: 	at net.minecraftforge.userdev.LaunchTesting.main(LaunchTesting.java:108)
[28out2025 22:45:47.895] [main/INFO] [STDERR/]: [java.lang.ThreadGroup:uncaughtException:1061]: Caused by: java.lang.reflect.InvocationTargetException
[28out2025 22:45:47.895] [main/INFO] [STDERR/]: [java.lang.ThreadGroup:uncaughtException:1061]: 	at sun.reflect.NativeMethodAccessorImpl.invoke0(Native Method)
[28out2025 22:45:47.895] [main/INFO] [STDERR/]: [java.lang.ThreadGroup:uncaughtException:1061]: 	at sun.reflect.NativeMethodAccessorImpl.invoke(NativeMethodAccessorImpl.java:62)
[28out2025 22:45:47.895] [main/INFO] [STDERR/]: [java.lang.ThreadGroup:uncaughtException:1061]: 	at sun.reflect.DelegatingMethodAccessorImpl.invoke(DelegatingMethodAccessorImpl.java:43)
[28out2025 22:45:47.895] [main/INFO] [STDERR/]: [java.lang.ThreadGroup:uncaughtException:1061]: 	at java.lang.reflect.Method.invoke(Method.java:498)
[28out2025 22:45:47.895] [main/INFO] [STDERR/]: [java.lang.ThreadGroup:uncaughtException:1061]: 	at net.minecraftforge.userdev.FMLUserdevClientLaunchProvider.lambda$launchService$0(FMLUserdevClientLaunchProvider.java:52)
[28out2025 22:45:47.895] [main/INFO] [STDERR/]: [java.lang.ThreadGroup:uncaughtException:1061]: 	at cpw.mods.modlauncher.LaunchServiceHandlerDecorator.launch(LaunchServiceHandlerDecorator.java:37)
[28out2025 22:45:47.895] [main/INFO] [STDERR/]: [java.lang.ThreadGroup:uncaughtException:1061]: 	... 5 more
[28out2025 22:45:47.895] [main/INFO] [STDERR/]: [java.lang.Throwable:printStackTrace:644]: Caused by: java.lang.NoSuchMethodError: org.apache.logging.log4j.core.impl.ThrowableProxy.formatExtendedStackTraceTo(Ljava/lang/StringBuilder;Ljava/util/List;Lorg/apache/logging/log4j/core/pattern/TextRenderer;Ljava/lang/String;Ljava/lang/String;)V
[28out2025 22:45:47.895] [main/INFO] [STDERR/]: [java.lang.Throwable:printStackTrace:644]: 	at cpw.mods.modlauncher.log.TransformingThrowablePatternConverter.generateEnhancedStackTrace(TransformingThrowablePatternConverter.java:87)
[28out2025 22:45:47.895] [main/INFO] [STDERR/]: [java.lang.Throwable:printStackTrace:644]: 	at net.minecraftforge.fml.CrashReportExtender.generateEnhancedStackTrace(CrashReportExtender.java:79)
[28out2025 22:45:47.895] [main/INFO] [STDERR/]: [java.lang.Throwable:printStackTrace:644]: 	at net.minecraftforge.fml.CrashReportExtender.generateEnhancedStackTrace(CrashReportExtender.java:69)
[28out2025 22:45:47.897] [main/INFO] [STDERR/]: [java.lang.Throwable:printStackTrace:644]: 	at net.minecraft.crash.CrashReport.getExceptionMessage(CrashReport.java:119)
[28out2025 22:45:47.897] [main/INFO] [STDERR/]: [java.lang.Throwable:printStackTrace:644]: 	at net.minecraft.crash.CrashReport.getFriendlyReport(CrashReport.java:135)
[28out2025 22:45:47.897] [main/INFO] [STDERR/]: [java.lang.Throwable:printStackTrace:644]: 	at net.minecraft.crash.CrashReport.preload(CrashReport.java:248)
[28out2025 22:45:47.897] [main/INFO] [STDERR/]: [java.lang.Throwable:printStackTrace:644]: 	at net.minecraft.client.main.Main.main(Main.java:122)
[28out2025 22:45:47.897] [main/INFO] [STDERR/]: [java.lang.Throwable:printStackTrace:644]: 	... 11 more
